<?xml version="1.0" encoding="UTF-8"?>
<testng-results skipped="0" failed="0" ignored="0" total="1" passed="1">
  <reporter-output>
  </reporter-output>
  <suite name="TMIS" duration-ms="41" started-at="2018-09-04T08:36:33Z" finished-at="2018-09-04T08:36:33Z">
    <groups>
    </groups>
    <test name="Default test" duration-ms="41" started-at="2018-09-04T08:36:33Z" finished-at="2018-09-04T08:36:33Z">
      <class name="JavaBasics.Testng.getTestResult">
        <test-method status="PASS" signature="teststackquestion()[pri:0, instance:JavaBasics.Testng.getTestResult@59fa1d9b]" name="teststackquestion" duration-ms="14" started-at="2018-09-04T14:06:33Z" finished-at="2018-09-04T14:06:33Z">
          <reporter-output>
          </reporter-output>
        </test-method> <!-- teststackquestion -->
        <test-method status="PASS" signature="afterMethod(org.testng.ITestResult)[pri:0, instance:JavaBasics.Testng.getTestResult@59fa1d9b]" name="afterMethod" is-config="true" duration-ms="2" started-at="2018-09-04T14:06:33Z" finished-at="2018-09-04T14:06:33Z">
          <params>
            <param index="0">
              <value>
                <![CDATA[[TestResult name=teststackquestion status=SUCCESS method=getTestResult.teststackquestion()[pri:0, instance:JavaBasics.Testng.getTestResult@59fa1d9b] output={null}]]]>
              </value>
            </param>
          </params>
          <reporter-output>
          </reporter-output>
        </test-method> <!-- afterMethod -->
      </class> <!-- JavaBasics.Testng.getTestResult -->
    </test> <!-- Default test -->
  </suite> <!-- TMIS -->
</testng-results>
